
Please enter an itinerary number (trip identifier): 136


                      TRAVEL EXPERTS
                      1155 8th Ave S.W.
                      Calgary, AB. T2P 1N3
                      Ph: 403-271-9873 Fax: 403-271-9872
                                                                                                                                                                                                                                                                                                                                  

                                                                                                                                                                                                                                                                                                                                                                                                                                                                                                                   
To:                                               Date: 06 Jun 2022
        Laetia Enison                             Consultant: Brian S. Peterson
        144-61 87th Ave, NE                       Customer No: 104
        Calgary, AB                               Passengers: 
        T2J 6B6                                   Invoice/Itinerary No. 136
                                                                                                                                                  

Prepared for: 
        Laetia Enison                                                                                                                                                                                                                                                                                                                                                                                                                                                                               

Trip Details 
        Start Date: 30 January   2017
        End Date: 11 February  2017
        Destination: Asia
                                                                                                                                                                                                                                                                                                                                                                                                 

Trip Total 
   Subtotal:   $6,800.00
   Fees:          $75.00
   Tax:        $1,528.00                                                                                                                                                                                                                                                                                                                                                                                                                             

Bill to:       AMEX 78789007977999                                                                                                                                                                                                                                                                                                                                                                                                                                                                                 

PL/SQL procedure successfully completed.

