
SQL*Loader: Release 12.2.0.1.0 - Production on Thu May 12 15:41:23 2022

Copyright (c) 1982, 2017, Oracle and/or its affiliates.  All rights reserved.

Control File:   C:\TXPDB\C_Drive\scripts\Loading_tables\destination\load_dest_data.ctl
Data File:      C:\TXPDB\C_Drive\scripts\Loading_tables\destination\destination_data.csv
  Bad File:     C:\TXPDB\C_Drive\scripts\Loading_tables\destination\destination_data.bad
  Discard File: C:\TXPDB\C_Drive\scripts\Loading_tables\destination\destination_data.dsc 
 (Allow all discards)

Number to load: ALL
Number to skip: 1
Errors allowed: 2000
Bind array:     64 rows, maximum of 256000 bytes
Continuation:    none specified
Path used:      Conventional

Table DESTINATION, loaded from every logical record.
Insert option in effect for this table: REPLACE
TRAILING NULLCOLS option in effect

   Column Name                  Position   Len  Term Encl Datatype
------------------------------ ---------- ----- ---- ---- ---------------------
CODE                                FIRST     *   ,  O(") CHARACTER            
DESCRIPTION                          NEXT     *   ,  O(") CHARACTER            


Table DESTINATION:
  10 Rows successfully loaded.
  0 Rows not loaded due to data errors.
  0 Rows not loaded because all WHEN clauses were failed.
  0 Rows not loaded because all fields were null.


Space allocated for bind array:                  33024 bytes(64 rows)
Read   buffer bytes: 1048576

Total logical records skipped:          1
Total logical records read:            10
Total logical records rejected:         0
Total logical records discarded:        0

Run began on Thu May 12 15:41:23 2022
Run ended on Thu May 12 15:41:28 2022

Elapsed time was:     00:00:04.69
CPU time was:         00:00:00.05
